Arguments: 
  /usr/bin/node /usr/bin/yarn add --dev tiktok-analytics

PATH: 
  /home/stickpro/.cargo/bin:/usr/local/bin:/usr/bin:/bin:/usr/local/sbin:/usr/lib/jvm/default/bin:/usr/bin/site_perl:/usr/bin/vendor_perl:/usr/bin/core_perl:/var/lib/snapd/snap/bin

Yarn version: 
  1.22.10

Node version: 
  15.3.0

Platform: 
  linux x64

Trace: 
  Error: https://registry.yarnpkg.com/tiktok-analytics: Not found
      at Request.params.callback [as _callback] (/usr/lib/node_modules/yarn/lib/cli.js:66988:18)
      at Request.self.callback (/usr/lib/node_modules/yarn/lib/cli.js:140749:22)
      at Request.emit (node:events:376:20)
      at Request.<anonymous> (/usr/lib/node_modules/yarn/lib/cli.js:141721:10)
      at Request.emit (node:events:376:20)
      at IncomingMessage.<anonymous> (/usr/lib/node_modules/yarn/lib/cli.js:141643:12)
      at Object.onceWrapper (node:events:482:28)
      at IncomingMessage.emit (node:events:388:22)
      at endReadableNT (node:internal/streams/readable:1294:12)
      at processTicksAndRejections (node:internal/process/task_queues:80:21)

npm manifest: 
  {
    "name": "tiktok-analytics",
    "version": "1.0.0",
    "main": "index.js",
    "author": "Vladislav Bulgakov",
    "license": "MIT"
  }

yarn manifest: 
  No manifest

Lockfile: 
  No lockfile
